Total Number of Accesses: 10000 (Hits and Misses each)
-------------------------------------------------------
Latency(cycles)	Hits-Count 		 Miss-Count 
-------------------------------------------------------
0   	               0  	               0 
1   	               0  	               0 
2   	               0  	               0 
3   	               0  	               0 
4   	               0  	               0 
5   	               0  	               0 
6   	               0  	               0 
7   	               0  	               0 
8   	               0  	               0 
9   	               0  	               0 
10   	               0  	               0 
11   	               0  	               0 
12   	               0  	               0 
13   	               0  	               0 
14   	               0  	               0 
15   	               0  	               0 
16   	               0  	               0 
17   	               0  	               0 
18   	               0  	               0 
19   	               0  	               0 
20   	               0  	               0 
21   	               0  	               0 
22   	               0  	               0 
23   	               0  	               0 
24   	               0  	               0 
25   	               0  	               0 
26   	               0  	               0 
27   	               0  	               0 
28   	               0  	               0 
29   	               0  	               0 
30   	               0  	               0 
31   	               0  	               0 
32   	               0  	               0 
33   	             186  	               0 
34   	             784  	               0 
35   	            1641  	               0 
36   	            2878  	               0 
37   	            2837  	               0 
38   	             746  	               0 
39   	             925  	               0 
40   	               1  	               0 
41   	               1  	               0 
42   	               0  	               0 
43   	               0  	               0 
44   	               0  	               0 
45   	               0  	               0 
46   	               0  	               0 
47   	               0  	               0 
48   	               0  	               0 
49   	               0  	               0 
50   	               0  	               0 
51   	               0  	               0 
52   	               0  	               0 
53   	               0  	               0 
54   	               0  	               0 
55   	               0  	               0 
56   	               0  	               0 
57   	               0  	               0 
58   	               0  	               0 
59   	               0  	               0 
60   	               0  	               0 
61   	               0  	               0 
62   	               0  	               0 
63   	               0  	               0 
64   	               0  	               0 
65   	               0  	               0 
66   	               0  	               0 
67   	               0  	               0 
68   	               0  	               0 
69   	               0  	               0 
70   	               0  	               0 
71   	               0  	               0 
72   	               0  	               0 
73   	               0  	               0 
74   	               0  	               0 
75   	               0  	               0 
76   	               0  	               0 
77   	               0  	               0 
78   	               0  	               0 
79   	               0  	               0 
80   	               0  	               0 
81   	               0  	               0 
82   	               0  	               0 
83   	               0  	               0 
84   	               0  	               0 
85   	               0  	               0 
86   	               0  	               0 
87   	               0  	               0 
88   	               0  	               0 
89   	               0  	               0 
90   	               0  	               0 
91   	               0  	               0 
92   	               0  	               0 
93   	               0  	               0 
94   	               0  	               0 
95   	               0  	               0 
96   	               0  	               0 
97   	               0  	               0 
98   	               0  	               0 
99   	               0  	               0 
100   	               0  	               0 
101   	               0  	               0 
102   	               0  	               0 
103   	               0  	               0 
104   	               0  	               0 
105   	               0  	               0 
106   	               0  	               0 
107   	               0  	               0 
108   	               0  	               0 
109   	               0  	               0 
110   	               0  	               0 
111   	               0  	               0 
112   	               0  	               0 
113   	               0  	               0 
114   	               0  	               0 
115   	               0  	               0 
116   	               0  	               0 
117   	               0  	               0 
118   	               0  	               0 
119   	               0  	               0 
120   	               0  	               0 
121   	               0  	               0 
122   	               0  	               0 
123   	               0  	               0 
124   	               0  	               0 
125   	               0  	               0 
126   	               0  	               0 
127   	               0  	               0 
128   	               0  	               0 
129   	               0  	               0 
130   	               0  	               0 
131   	               0  	               0 
132   	               0  	               0 
133   	               0  	               0 
134   	               0  	               0 
135   	               0  	               0 
136   	               0  	               0 
137   	               0  	               0 
138   	               0  	               0 
139   	               0  	               0 
140   	               0  	               0 
141   	               0  	               0 
142   	               0  	               0 
143   	               0  	               0 
144   	               0  	               0 
145   	               0  	               0 
146   	               0  	               0 
147   	               0  	               0 
148   	               0  	               0 
149   	               0  	               0 
150   	               0  	               0 
151   	               0  	               0 
152   	               0  	               0 
153   	               0  	               0 
154   	               0  	               0 
155   	               0  	               0 
156   	               0  	               0 
157   	               0  	               0 
158   	               0  	               0 
159   	               0  	               0 
160   	               0  	               0 
161   	               0  	               0 
162   	               0  	               0 
163   	               0  	               0 
164   	               0  	               0 
165   	               0  	               0 
166   	               0  	               0 
167   	               0  	               0 
168   	               0  	               0 
169   	               0  	               0 
170   	               0  	               0 
171   	               0  	               0 
172   	               0  	               0 
173   	               0  	               0 
174   	               0  	               0 
175   	               0  	               0 
176   	               0  	               0 
177   	               0  	               0 
178   	               0  	               0 
179   	               0  	               0 
180   	               0  	               0 
181   	               0  	               0 
182   	               0  	               0 
183   	               0  	               0 
184   	               0  	               0 
185   	               0  	               0 
186   	               0  	               0 
187   	               0  	               0 
188   	               0  	               0 
189   	               0  	               0 
190   	               0  	               0 
191   	               0  	               0 
192   	               0  	               0 
193   	               0  	               0 
194   	               0  	               0 
195   	               0  	               0 
196   	               0  	               0 
197   	               0  	               0 
198   	               0  	               0 
199   	               0  	               0 
200   	               0  	               0 
201   	               0  	               0 
202   	               0  	               0 
203   	               0  	               0 
204   	               0  	               0 
205   	               0  	               0 
206   	               0  	               0 
207   	               0  	               0 
208   	               0  	               0 
209   	               0  	               0 
210   	               0  	               0 
211   	               0  	               0 
212   	               0  	               0 
213   	               0  	               0 
214   	               0  	               0 
215   	               0  	               0 
216   	               0  	               0 
217   	               0  	               0 
218   	               0  	               0 
219   	               0  	               0 
220   	               0  	               0 
221   	               0  	               0 
222   	               0  	               0 
223   	               0  	               0 
224   	               0  	               0 
225   	               0  	               0 
226   	               0  	               0 
227   	               0  	               0 
228   	               0  	               0 
229   	               0  	               0 
230   	               0  	               0 
231   	               0  	               0 
232   	               0  	               0 
233   	               0  	               0 
234   	               0  	               0 
235   	               0  	               0 
236   	               0  	               0 
237   	               0  	               0 
238   	               0  	               0 
239   	               0  	               0 
240   	               0  	               0 
241   	               0  	               0 
242   	               0  	               0 
243   	               0  	               0 
244   	               0  	               0 
245   	               0  	               0 
246   	               0  	               0 
247   	               0  	               0 
248   	               0  	               0 
249   	               0  	               0 
250   	               0  	               0 
251   	               0  	               0 
252   	               0  	               0 
253   	               0  	               0 
254   	               0  	               0 
255   	               0  	               0 
256   	               0  	               0 
257   	               0  	               0 
258   	               0  	               0 
259   	               0  	               0 
260   	               0  	               0 
261   	               0  	               0 
262   	               0  	               0 
263   	               0  	               0 
264   	               0  	               0 
265   	               0  	               0 
266   	               0  	               0 
267   	               0  	               0 
268   	               0  	               0 
269   	               0  	               0 
270   	               0  	               0 
271   	               0  	               0 
272   	               0  	               0 
273   	               0  	               0 
274   	               0  	               0 
275   	               0  	               0 
276   	               0  	               0 
277   	               0  	               0 
278   	               0  	               0 
279   	               0  	               0 
280   	               0  	               0 
281   	               0  	               0 
282   	               0  	               0 
283   	               0  	               0 
284   	               0  	               2 
285   	               0  	               2 
286   	               0  	              42 
287   	               0  	              61 
288   	               0  	             323 
289   	               0  	             368 
290   	               0  	            1021 
291   	               0  	            1067 
292   	               0  	            1864 
293   	               0  	            1919 
294   	               0  	            1182 
295   	               0  	             978 
296   	               0  	             146 
297   	               0  	             110 
298   	               0  	              38 
299   	               0  	              61 
300   	               0  	              29 
301   	               0  	              38 
302   	               0  	              14 
303   	               0  	              22 
304   	               0  	               6 
305   	               0  	              22 
306   	               0  	               6 
307   	               0  	               6 
308   	               0  	               5 
309   	               0  	              13 
310   	               0  	               2 
311   	               0  	               4 
312   	               0  	               1 
313   	               0  	               1 
314   	               0  	               0 
315   	               0  	               1 
316   	               0  	               0 
317   	               0  	               1 
318   	               0  	               0 
319   	               0  	               0 
320   	               0  	               0 
321   	               0  	               1 
322   	               0  	               0 
323   	               0  	               3 
324   	               0  	               0 
325   	               0  	               2 
326   	               0  	               0 
327   	               0  	               3 
328   	               0  	               0 
329   	               0  	               4 
330   	               0  	               0 
331   	               0  	               0 
332   	               0  	               1 
333   	               0  	               1 
334   	               0  	               1 
335   	               0  	               3 
336   	               0  	               3 
337   	               0  	               5 
338   	               0  	               2 
339   	               0  	               1 
340   	               0  	               4 
341   	               0  	              13 
342   	               0  	               4 
343   	               0  	               7 
344   	               0  	               2 
345   	               0  	               4 
346   	               0  	               2 
347   	               0  	               3 
348   	               0  	               0 
349   	               0  	               3 
350   	               0  	               4 
351   	               0  	               1 
352   	               0  	               3 
353   	               0  	               0 
354   	               0  	               3 
355   	               0  	               3 
356   	               0  	               1 
357   	               0  	               3 
358   	               0  	               0 
359   	               0  	               3 
360   	               0  	               3 
361   	               0  	              11 
362   	               0  	              14 
363   	               0  	              13 
364   	               0  	              22 
365   	               0  	              17 
366   	               0  	              14 
367   	               0  	              12 
368   	               0  	              23 
369   	               0  	              15 
370   	               0  	              14 
371   	               0  	               5 
372   	               0  	               5 
373   	               0  	               1 
374   	               0  	               1 
375   	               0  	               0 
376   	               0  	               3 
377   	               0  	               0 
378   	               0  	               0 
379   	               0  	               0 
380   	               0  	               4 
381   	               0  	               2 
382   	               0  	               3 
383   	               0  	               2 
384   	               0  	               3 
385   	               0  	               0 
386   	               0  	               3 
387   	               0  	               0 
388   	               0  	               1 
389   	               0  	               0 
390   	               0  	               2 
391   	               0  	               0 
392   	               0  	               5 
393   	               0  	               0 
394   	               0  	               2 
395   	               0  	               1 
396   	               0  	               1 
397   	               0  	               0 
398   	               0  	               1 
399   	               0  	               0 
400   	               0  	               2 
401   	               0  	               0 
402   	               0  	               1 
403   	               0  	               0 
404   	               0  	               1 
405   	               0  	               0 
406   	               0  	               4 
407   	               0  	               1 
408   	               0  	               1 
409   	               0  	               0 
410   	               0  	               1 
411   	               0  	               0 
412   	               0  	               2 
413   	               0  	               1 
414   	               0  	               0 
415   	               0  	               1 
416   	               0  	               1 
417   	               0  	               0 
418   	               0  	               0 
419   	               0  	               0 
420   	               0  	               0 
421   	               0  	               0 
422   	               0  	               0 
423   	               0  	               1 
424   	               0  	               0 
425   	               0  	               1 
426   	               0  	               2 
427   	               0  	               0 
428   	               0  	               0 
429   	               0  	               0 
430   	               0  	               0 
431   	               0  	               0 
432   	               0  	               0 
433   	               0  	               0 
434   	               0  	               1 
435   	               0  	               2 
436   	               0  	               0 
437   	               0  	               0 
438   	               0  	               0 
439   	               0  	               1 
440   	               0  	               0 
441   	               0  	               1 
442   	               0  	               0 
443   	               0  	               1 
444   	               0  	               0 
445   	               0  	               1 
446   	               0  	               0 
447   	               0  	               1 
448   	               0  	               0 
449   	               0  	               1 
450   	               0  	               0 
451   	               0  	               1 
452   	               0  	               0 
453   	               0  	               2 
454   	               0  	               0 
455   	               0  	               0 
456   	               0  	               0 
457   	               0  	               1 
458   	               0  	               0 
459   	               0  	               1 
460   	               0  	               0 
461   	               0  	               0 
462   	               0  	               1 
463   	               0  	               1 
464   	               0  	               0 
465   	               0  	               0 
466   	               0  	               0 
467   	               0  	               1 
468   	               0  	               0 
469   	               0  	               1 
470   	               0  	               1 
471   	               0  	               0 
472   	               0  	               0 
473   	               0  	               1 
474   	               0  	               2 
475   	               0  	               3 
476   	               0  	               0 
477   	               0  	               0 
478   	               0  	               0 
479   	               0  	               1 
480   	               0  	               0 
481   	               0  	               0 
482   	               0  	               0 
483   	               0  	               1 
484   	               0  	               0 
485   	               0  	               0 
486   	               0  	               0 
487   	               0  	               0 
488   	               0  	               1 
489   	               0  	               2 
490   	               0  	               0 
491   	               0  	               1 
492   	               0  	               1 
493   	               0  	               0 
494   	               0  	               1 
495   	               0  	               0 
496   	               0  	               3 
497   	               0  	               0 
498   	               0  	               0 
499   	               0  	               2 
500+   	               1  	             291 
-------------------------------------------------------
Total  	           10000  	           10000 
-------------------------------------------------------
